0 silly argv { _: [ 'create' ],
0 silly argv   lernaVersion: '3.11.1',
0 silly argv   '$0': 'lerna',
0 silly argv   name: 'paginate-dates' }
1 notice cli v3.11.1
2 verbose rootPath /Users/marshall/Sites/iCanJS/components
3 warn ENOREMOTE No git remote found, skipping repository property
4 error Error: canceled
4 error     at Interface.<anonymous> (/Users/marshall/.nvm/versions/node/v8.11.3/lib/node_modules/lerna/node_modules/read/lib/read.js:66:13)
4 error     at emitNone (events.js:106:13)
4 error     at Interface.emit (events.js:208:7)
4 error     at Interface._ttyWrite (readline.js:774:16)
4 error     at ReadStream.onkeypress (readline.js:158:10)
4 error     at emitTwo (events.js:126:13)
4 error     at ReadStream.emit (events.js:214:7)
4 error     at emitKeys (internal/readline.js:420:14)
4 error     at emitKeys.next (<anonymous>)
4 error     at ReadStream.onData (readline.js:1010:36)
4 error     at emitOne (events.js:116:13)
4 error     at ReadStream.emit (events.js:211:7)
4 error     at addChunk (_stream_readable.js:263:12)
4 error     at readableAddChunk (_stream_readable.js:250:11)
4 error     at ReadStream.Readable.push (_stream_readable.js:208:10)
